\BOOKMARK [0][-]{chapter.1}{\376\377\000H\000i\000e\000r\000a\000r\000c\000h\000i\000c\000a\000l\000\040\000I\000n\000d\000e\000x}{}% 1
\BOOKMARK [1][-]{section.1.1}{\376\377\000C\000l\000a\000s\000s\000\040\000H\000i\000e\000r\000a\000r\000c\000h\000y}{chapter.1}% 2
\BOOKMARK [0][-]{chapter.2}{\376\377\000C\000l\000a\000s\000s\000\040\000I\000n\000d\000e\000x}{}% 3
\BOOKMARK [1][-]{section.2.1}{\376\377\000C\000l\000a\000s\000s\000\040\000L\000i\000s\000t}{chapter.2}% 4
\BOOKMARK [0][-]{chapter.3}{\376\377\000C\000l\000a\000s\000s\000\040\000D\000o\000c\000u\000m\000e\000n\000t\000a\000t\000i\000o\000n}{}% 5
\BOOKMARK [1][-]{section.3.1}{\376\377\000B\000a\000r\000r\000a\000E\000s\000t\000a\000d\000o\000\040\000C\000l\000a\000s\000s\000\040\000R\000e\000f\000e\000r\000e\000n\000c\000e}{chapter.3}% 6
\BOOKMARK [2][-]{subsection.3.1.1}{\376\377\000D\000e\000t\000a\000i\000l\000e\000d\000\040\000D\000e\000s\000c\000r\000i\000p\000t\000i\000o\000n}{section.3.1}% 7
\BOOKMARK [2][-]{subsection.3.1.2}{\376\377\000C\000o\000n\000s\000t\000r\000u\000c\000t\000o\000r\000\040\000\046\000\040\000D\000e\000s\000t\000r\000u\000c\000t\000o\000r\000\040\000D\000o\000c\000u\000m\000e\000n\000t\000a\000t\000i\000o\000n}{section.3.1}% 8
\BOOKMARK [3][-]{subsubsection.3.1.2.1}{\376\377\000B\000a\000r\000r\000a\000E\000s\000t\000a\000d\000o}{subsection.3.1.2}% 9
\BOOKMARK [2][-]{subsection.3.1.3}{\376\377\000M\000e\000m\000b\000e\000r\000\040\000F\000u\000n\000c\000t\000i\000o\000n\000\040\000D\000o\000c\000u\000m\000e\000n\000t\000a\000t\000i\000o\000n}{section.3.1}% 10
\BOOKMARK [3][-]{subsubsection.3.1.3.1}{\376\377\000o\000n\000M\000o\000s\000t\000r\000a\000r}{subsection.3.1.3}% 11
\BOOKMARK [1][-]{section.3.2}{\376\377\000B\000o\000x\000O\000p\000c\000i\000o\000n\000e\000s\000B\000a\000s\000i\000c\000a\000s\000\040\000C\000l\000a\000s\000s\000\040\000R\000e\000f\000e\000r\000e\000n\000c\000e}{chapter.3}% 12
\BOOKMARK [2][-]{subsection.3.2.1}{\376\377\000D\000e\000t\000a\000i\000l\000e\000d\000\040\000D\000e\000s\000c\000r\000i\000p\000t\000i\000o\000n}{section.3.2}% 13
\BOOKMARK [2][-]{subsection.3.2.2}{\376\377\000C\000o\000n\000s\000t\000r\000u\000c\000t\000o\000r\000\040\000\046\000\040\000D\000e\000s\000t\000r\000u\000c\000t\000o\000r\000\040\000D\000o\000c\000u\000m\000e\000n\000t\000a\000t\000i\000o\000n}{section.3.2}% 14
\BOOKMARK [3][-]{subsubsection.3.2.2.1}{\376\377\000B\000o\000x\000O\000p\000c\000i\000o\000n\000e\000s\000B\000a\000s\000i\000c\000a\000s}{subsection.3.2.2}% 15
\BOOKMARK [1][-]{section.3.3}{\376\377\000C\000e\000l\000d\000a\000\040\000C\000l\000a\000s\000s\000\040\000R\000e\000f\000e\000r\000e\000n\000c\000e}{chapter.3}% 16
\BOOKMARK [2][-]{subsection.3.3.1}{\376\377\000D\000e\000t\000a\000i\000l\000e\000d\000\040\000D\000e\000s\000c\000r\000i\000p\000t\000i\000o\000n}{section.3.3}% 17
\BOOKMARK [1][-]{section.3.4}{\376\377\000C\000o\000l\000u\000m\000n\000a\000\040\000C\000l\000a\000s\000s\000\040\000R\000e\000f\000e\000r\000e\000n\000c\000e}{chapter.3}% 18
\BOOKMARK [2][-]{subsection.3.4.1}{\376\377\000D\000e\000t\000a\000i\000l\000e\000d\000\040\000D\000e\000s\000c\000r\000i\000p\000t\000i\000o\000n}{section.3.4}% 19
\BOOKMARK [2][-]{subsection.3.4.2}{\376\377\000C\000o\000n\000s\000t\000r\000u\000c\000t\000o\000r\000\040\000\046\000\040\000D\000e\000s\000t\000r\000u\000c\000t\000o\000r\000\040\000D\000o\000c\000u\000m\000e\000n\000t\000a\000t\000i\000o\000n}{section.3.4}% 20
\BOOKMARK [3][-]{subsubsection.3.4.2.1}{\376\377\000C\000o\000l\000u\000m\000n\000a}{subsection.3.4.2}% 21
\BOOKMARK [2][-]{subsection.3.4.3}{\376\377\000M\000e\000m\000b\000e\000r\000\040\000F\000u\000n\000c\000t\000i\000o\000n\000\040\000D\000o\000c\000u\000m\000e\000n\000t\000a\000t\000i\000o\000n}{section.3.4}% 22
\BOOKMARK [3][-]{subsubsection.3.4.3.1}{\376\377\000o\000n\000\137\000a\000d\000j\000\137\000c\000h\000a\000n\000g\000e\000d}{subsection.3.4.3}% 23
\BOOKMARK [1][-]{section.3.5}{\376\377\000I\000n\000f\000o\000\040\000C\000l\000a\000s\000s\000\040\000R\000e\000f\000e\000r\000e\000n\000c\000e}{chapter.3}% 24
\BOOKMARK [2][-]{subsection.3.5.1}{\376\377\000D\000e\000t\000a\000i\000l\000e\000d\000\040\000D\000e\000s\000c\000r\000i\000p\000t\000i\000o\000n}{section.3.5}% 25
\BOOKMARK [1][-]{section.3.6}{\376\377\000M\000a\000i\000n\000W\000i\000n\000d\000o\000w\000\040\000C\000l\000a\000s\000s\000\040\000R\000e\000f\000e\000r\000e\000n\000c\000e}{chapter.3}% 26
\BOOKMARK [2][-]{subsection.3.6.1}{\376\377\000D\000e\000t\000a\000i\000l\000e\000d\000\040\000D\000e\000s\000c\000r\000i\000p\000t\000i\000o\000n}{section.3.6}% 27
\BOOKMARK [1][-]{section.3.7}{\376\377\000M\000e\000n\000u\000\040\000C\000l\000a\000s\000s\000\040\000R\000e\000f\000e\000r\000e\000n\000c\000e}{chapter.3}% 28
\BOOKMARK [2][-]{subsection.3.7.1}{\376\377\000D\000e\000t\000a\000i\000l\000e\000d\000\040\000D\000e\000s\000c\000r\000i\000p\000t\000i\000o\000n}{section.3.7}% 29
\BOOKMARK [1][-]{section.3.8}{\376\377\000N\000o\000t\000e\000P\000r\000o\000b\000a\000b\000i\000l\000i\000d\000a\000d\000e\000s\000\040\000C\000l\000a\000s\000s\000\040\000R\000e\000f\000e\000r\000e\000n\000c\000e}{chapter.3}% 30
\BOOKMARK [2][-]{subsection.3.8.1}{\376\377\000D\000e\000t\000a\000i\000l\000e\000d\000\040\000D\000e\000s\000c\000r\000i\000p\000t\000i\000o\000n}{section.3.8}% 31
\BOOKMARK [1][-]{section.3.9}{\376\377\000P\000e\000r\000s\000i\000s\000t\000i\000d\000o\000r\000\040\000C\000l\000a\000s\000s\000\040\000R\000e\000f\000e\000r\000e\000n\000c\000e}{chapter.3}% 32
\BOOKMARK [2][-]{subsection.3.9.1}{\376\377\000D\000e\000t\000a\000i\000l\000e\000d\000\040\000D\000e\000s\000c\000r\000i\000p\000t\000i\000o\000n}{section.3.9}% 33
\BOOKMARK [2][-]{subsection.3.9.2}{\376\377\000M\000e\000m\000b\000e\000r\000\040\000F\000u\000n\000c\000t\000i\000o\000n\000\040\000D\000o\000c\000u\000m\000e\000n\000t\000a\000t\000i\000o\000n}{section.3.9}% 34
\BOOKMARK [3][-]{subsubsection.3.9.2.1}{\376\377\000p\000e\000r\000s\000i\000s\000t\000i\000r}{subsection.3.9.2}% 35
\BOOKMARK [1][-]{section.3.10}{\376\377\000P\000r\000o\000b\000C\000e\000l\000d\000a\000s\000\040\000C\000l\000a\000s\000s\000\040\000R\000e\000f\000e\000r\000e\000n\000c\000e}{chapter.3}% 36
\BOOKMARK [2][-]{subsection.3.10.1}{\376\377\000D\000e\000t\000a\000i\000l\000e\000d\000\040\000D\000e\000s\000c\000r\000i\000p\000t\000i\000o\000n}{section.3.10}% 37
\BOOKMARK [2][-]{subsection.3.10.2}{\376\377\000C\000o\000n\000s\000t\000r\000u\000c\000t\000o\000r\000\040\000\046\000\040\000D\000e\000s\000t\000r\000u\000c\000t\000o\000r\000\040\000D\000o\000c\000u\000m\000e\000n\000t\000a\000t\000i\000o\000n}{section.3.10}% 38
\BOOKMARK [3][-]{subsubsection.3.10.2.1}{\376\377\000P\000r\000o\000b\000C\000e\000l\000d\000a\000s}{subsection.3.10.2}% 39
\BOOKMARK [1][-]{section.3.11}{\376\377\000P\000r\000o\000b\000C\000o\000l\000u\000m\000n\000a\000s\000\040\000C\000l\000a\000s\000s\000\040\000R\000e\000f\000e\000r\000e\000n\000c\000e}{chapter.3}% 40
\BOOKMARK [1][-]{section.3.12}{\376\377\000P\000r\000o\000b\000s\000\040\000C\000l\000a\000s\000s\000\040\000R\000e\000f\000e\000r\000e\000n\000c\000e}{chapter.3}% 41
\BOOKMARK [2][-]{subsection.3.12.1}{\376\377\000D\000e\000t\000a\000i\000l\000e\000d\000\040\000D\000e\000s\000c\000r\000i\000p\000t\000i\000o\000n}{section.3.12}% 42
\BOOKMARK [1][-]{section.3.13}{\376\377\000T\000a\000b\000l\000e\000r\000o\000\040\000C\000l\000a\000s\000s\000\040\000R\000e\000f\000e\000r\000e\000n\000c\000e}{chapter.3}% 43
\BOOKMARK [2][-]{subsection.3.13.1}{\376\377\000D\000e\000t\000a\000i\000l\000e\000d\000\040\000D\000e\000s\000c\000r\000i\000p\000t\000i\000o\000n}{section.3.13}% 44
\BOOKMARK [2][-]{subsection.3.13.2}{\376\377\000M\000e\000m\000b\000e\000r\000\040\000T\000y\000p\000e\000d\000e\000f\000\040\000D\000o\000c\000u\000m\000e\000n\000t\000a\000t\000i\000o\000n}{section.3.13}% 45
\BOOKMARK [3][-]{subsubsection.3.13.2.1}{\376\377\000t\000y\000p\000e\000\137\000s\000i\000g\000n\000a\000l\000\137\000u\000n\000c\000h\000e\000c\000k}{subsection.3.13.2}% 46
\BOOKMARK [2][-]{subsection.3.13.3}{\376\377\000C\000o\000n\000s\000t\000r\000u\000c\000t\000o\000r\000\040\000\046\000\040\000D\000e\000s\000t\000r\000u\000c\000t\000o\000r\000\040\000D\000o\000c\000u\000m\000e\000n\000t\000a\000t\000i\000o\000n}{section.3.13}% 47
\BOOKMARK [3][-]{subsubsection.3.13.3.1}{\376\377\000T\000a\000b\000l\000e\000r\000o}{subsection.3.13.3}% 48
\BOOKMARK [2][-]{subsection.3.13.4}{\376\377\000M\000e\000m\000b\000e\000r\000\040\000F\000u\000n\000c\000t\000i\000o\000n\000\040\000D\000o\000c\000u\000m\000e\000n\000t\000a\000t\000i\000o\000n}{section.3.13}% 49
\BOOKMARK [3][-]{subsubsection.3.13.4.1}{\376\377\000j\000s\000o\000n\000C\000e\000l\000d\000a\000s}{subsection.3.13.4}% 50
\BOOKMARK [3][-]{subsubsection.3.13.4.2}{\376\377\000j\000s\000o\000n\000C\000o\000l\000u\000m\000n\000a\000s}{subsection.3.13.4}% 51
\BOOKMARK [3][-]{subsubsection.3.13.4.3}{\376\377\000o\000n\000\137\000a\000d\000j\000\137\000c\000h\000a\000n\000g\000e\000d\000\137\000t\000a\000b\000l\000e\000r\000o}{subsection.3.13.4}% 52
\BOOKMARK [3][-]{subsubsection.3.13.4.4}{\376\377\000o\000n\000\137\000a\000d\000j\000C\000o\000l\000s\000\137\000c\000h\000a\000n\000g\000e\000d\000\137\000t\000a\000b\000l\000e\000r\000o}{subsection.3.13.4}% 53
\BOOKMARK [3][-]{subsubsection.3.13.4.5}{\376\377\000o\000n\000\137\000c\000h\000e\000c\000k\000\137\000b\000u\000t\000t\000o\000n\000\137\000t\000a\000b\000l\000e\000r\000o}{subsection.3.13.4}% 54
\BOOKMARK [3][-]{subsubsection.3.13.4.6}{\376\377\000o\000n\000\137\000c\000o\000r\000d\000x\000\137\000c\000h\000a\000n\000g\000e\000d}{subsection.3.13.4}% 55
\BOOKMARK [3][-]{subsubsection.3.13.4.7}{\376\377\000o\000n\000\137\000c\000o\000r\000d\000y\000\137\000c\000h\000a\000n\000g\000e\000d}{subsection.3.13.4}% 56
\BOOKMARK [3][-]{subsubsection.3.13.4.8}{\376\377\000o\000n\000\137\000i\000m\000a\000g\000e\000\137\000c\000h\000a\000n\000g\000e\000d\000\137\000t\000a\000b\000l\000e\000r\000o}{subsection.3.13.4}% 57
\BOOKMARK [3][-]{subsubsection.3.13.4.9}{\376\377\000o\000n\000\137\000i\000m\000a\000g\000e\000\137\000f\000o\000n\000d\000o\000\137\000c\000h\000a\000n\000g\000e\000d\000\137\000t\000a\000b\000l\000e\000r\000o}{subsection.3.13.4}% 58
\BOOKMARK [-1][-]{table.3.10}{\376\377\000I\000n\000d\000e\000x}{}% 59
