\BOOKMARK [0][-]{chapter.1}{\376\377\000H\000i\000e\000r\000a\000r\000c\000h\000i\000c\000a\000l\000\040\000I\000n\000d\000e\000x}{}% 1
\BOOKMARK [1][-]{section.1.1}{\376\377\000C\000l\000a\000s\000s\000\040\000H\000i\000e\000r\000a\000r\000c\000h\000y}{chapter.1}% 2
\BOOKMARK [0][-]{chapter.2}{\376\377\000C\000l\000a\000s\000s\000\040\000I\000n\000d\000e\000x}{}% 3
\BOOKMARK [1][-]{section.2.1}{\376\377\000C\000l\000a\000s\000s\000\040\000L\000i\000s\000t}{chapter.2}% 4
\BOOKMARK [0][-]{chapter.3}{\376\377\000C\000l\000a\000s\000s\000\040\000D\000o\000c\000u\000m\000e\000n\000t\000a\000t\000i\000o\000n}{}% 5
\BOOKMARK [1][-]{section.3.1}{\376\377\000B\000a\000r\000\040\000C\000l\000a\000s\000s\000\040\000R\000e\000f\000e\000r\000e\000n\000c\000e}{chapter.3}% 6
\BOOKMARK [1][-]{section.3.2}{\376\377\000B\000u\000t\000t\000o\000n\000\040\000C\000l\000a\000s\000s\000\040\000R\000e\000f\000e\000r\000e\000n\000c\000e}{chapter.3}% 7
\BOOKMARK [1][-]{section.3.3}{\376\377\000C\000a\000n\000d\000y\000F\000a\000c\000t\000o\000r\000y\000\040\000C\000l\000a\000s\000s\000\040\000R\000e\000f\000e\000r\000e\000n\000c\000e}{chapter.3}% 8
\BOOKMARK [1][-]{section.3.4}{\376\377\000C\000a\000r\000a\000m\000e\000l\000o\000\040\000C\000l\000a\000s\000s\000\040\000R\000e\000f\000e\000r\000e\000n\000c\000e}{chapter.3}% 9
\BOOKMARK [2][-]{subsection.3.4.1}{\376\377\000M\000e\000m\000b\000e\000r\000\040\000F\000u\000n\000c\000t\000i\000o\000n\000\040\000D\000o\000c\000u\000m\000e\000n\000t\000a\000t\000i\000o\000n}{section.3.4}% 10
\BOOKMARK [3][-]{subsubsection.3.4.1.1}{\376\377\000m\000o\000v\000e\000r}{subsection.3.4.1}% 11
\BOOKMARK [1][-]{section.3.5}{\376\377\000C\000l\000i\000e\000n\000t\000e\000\040\000C\000l\000a\000s\000s\000\040\000R\000e\000f\000e\000r\000e\000n\000c\000e}{chapter.3}% 12
\BOOKMARK [2][-]{subsection.3.5.1}{\376\377\000D\000e\000t\000a\000i\000l\000e\000d\000\040\000D\000e\000s\000c\000r\000i\000p\000t\000i\000o\000n}{section.3.5}% 13
\BOOKMARK [2][-]{subsection.3.5.2}{\376\377\000M\000e\000m\000b\000e\000r\000\040\000F\000u\000n\000c\000t\000i\000o\000n\000\040\000D\000o\000c\000u\000m\000e\000n\000t\000a\000t\000i\000o\000n}{section.3.5}% 14
\BOOKMARK [3][-]{subsubsection.3.5.2.1}{\376\377\000m\000o\000s\000t\000r\000a\000r\000V\000e\000n\000t\000a\000n\000a\000I\000P}{subsection.3.5.2}% 15
\BOOKMARK [1][-]{section.3.6}{\376\377\000C\000l\000i\000e\000n\000t\000e\000I\000n\000t\000e\000r\000f\000a\000c\000e\000\040\000C\000l\000a\000s\000s\000\040\000R\000e\000f\000e\000r\000e\000n\000c\000e}{chapter.3}% 16
\BOOKMARK [2][-]{subsection.3.6.1}{\376\377\000D\000e\000t\000a\000i\000l\000e\000d\000\040\000D\000e\000s\000c\000r\000i\000p\000t\000i\000o\000n}{section.3.6}% 17
\BOOKMARK [2][-]{subsection.3.6.2}{\376\377\000M\000e\000m\000b\000e\000r\000\040\000F\000u\000n\000c\000t\000i\000o\000n\000\040\000D\000o\000c\000u\000m\000e\000n\000t\000a\000t\000i\000o\000n}{section.3.6}% 18
\BOOKMARK [3][-]{subsubsection.3.6.2.1}{\376\377\000n\000u\000e\000v\000o\000M\000e\000n\000s\000a\000j\000e}{subsection.3.6.2}% 19
\BOOKMARK [1][-]{section.3.7}{\376\377\000G\000a\000m\000e\000W\000i\000n\000d\000o\000w\000\040\000C\000l\000a\000s\000s\000\040\000R\000e\000f\000e\000r\000e\000n\000c\000e}{chapter.3}% 20
\BOOKMARK [2][-]{subsection.3.7.1}{\376\377\000D\000e\000t\000a\000i\000l\000e\000d\000\040\000D\000e\000s\000c\000r\000i\000p\000t\000i\000o\000n}{section.3.7}% 21
\BOOKMARK [2][-]{subsection.3.7.2}{\376\377\000M\000e\000m\000b\000e\000r\000\040\000F\000u\000n\000c\000t\000i\000o\000n\000\040\000D\000o\000c\000u\000m\000e\000n\000t\000a\000t\000i\000o\000n}{section.3.7}% 22
\BOOKMARK [3][-]{subsubsection.3.7.2.1}{\376\377\000m\000e\000n\000s\000a\000j\000e}{subsection.3.7.2}% 23
\BOOKMARK [3][-]{subsubsection.3.7.2.2}{\376\377\000o\000n\000\137\000m\000e\000n\000s\000a\000j\000e}{subsection.3.7.2}% 24
\BOOKMARK [1][-]{section.3.8}{\376\377\000I\000p\000w\000i\000n\000d\000o\000w\000\040\000C\000l\000a\000s\000s\000\040\000R\000e\000f\000e\000r\000e\000n\000c\000e}{chapter.3}% 25
\BOOKMARK [2][-]{subsection.3.8.1}{\376\377\000D\000e\000t\000a\000i\000l\000e\000d\000\040\000D\000e\000s\000c\000r\000i\000p\000t\000i\000o\000n}{section.3.8}% 26
\BOOKMARK [2][-]{subsection.3.8.2}{\376\377\000M\000e\000m\000b\000e\000r\000\040\000T\000y\000p\000e\000d\000e\000f\000\040\000D\000o\000c\000u\000m\000e\000n\000t\000a\000t\000i\000o\000n}{section.3.8}% 27
\BOOKMARK [3][-]{subsubsection.3.8.2.1}{\376\377\000t\000y\000p\000e\000\137\000s\000i\000g\000n\000a\000l\000\137\000c\000o\000n\000e\000c\000t\000a\000r}{subsection.3.8.2}% 28
\BOOKMARK [2][-]{subsection.3.8.3}{\376\377\000M\000e\000m\000b\000e\000r\000\040\000F\000u\000n\000c\000t\000i\000o\000n\000\040\000D\000o\000c\000u\000m\000e\000n\000t\000a\000t\000i\000o\000n}{section.3.8}% 29
\BOOKMARK [3][-]{subsubsection.3.8.3.1}{\376\377\000m\000e\000n\000s\000a\000j\000e}{subsection.3.8.3}% 30
\BOOKMARK [1][-]{section.3.9}{\376\377\000L\000i\000s\000t\000a\000d\000o\000r\000\040\000C\000l\000a\000s\000s\000\040\000R\000e\000f\000e\000r\000e\000n\000c\000e}{chapter.3}% 31
\BOOKMARK [2][-]{subsection.3.9.1}{\376\377\000D\000e\000t\000a\000i\000l\000e\000d\000\040\000D\000e\000s\000c\000r\000i\000p\000t\000i\000o\000n}{section.3.9}% 32
\BOOKMARK [2][-]{subsection.3.9.2}{\376\377\000M\000e\000m\000b\000e\000r\000\040\000F\000u\000n\000c\000t\000i\000o\000n\000\040\000D\000o\000c\000u\000m\000e\000n\000t\000a\000t\000i\000o\000n}{section.3.9}% 33
\BOOKMARK [3][-]{subsubsection.3.9.2.1}{\376\377\000l\000i\000s\000t\000a\000r}{subsection.3.9.2}% 34
\BOOKMARK [1][-]{section.3.10}{\376\377\000L\000o\000g\000g\000e\000r\000\040\000C\000l\000a\000s\000s\000\040\000R\000e\000f\000e\000r\000e\000n\000c\000e}{chapter.3}% 35
\BOOKMARK [2][-]{subsection.3.10.1}{\376\377\000D\000e\000t\000a\000i\000l\000e\000d\000\040\000D\000e\000s\000c\000r\000i\000p\000t\000i\000o\000n}{section.3.10}% 36
\BOOKMARK [2][-]{subsection.3.10.2}{\376\377\000M\000e\000m\000b\000e\000r\000\040\000F\000u\000n\000c\000t\000i\000o\000n\000\040\000D\000o\000c\000u\000m\000e\000n\000t\000a\000t\000i\000o\000n}{section.3.10}% 37
\BOOKMARK [3][-]{subsubsection.3.10.2.1}{\376\377\000l\000o\000g}{subsection.3.10.2}% 38
\BOOKMARK [1][-]{section.3.11}{\376\377\000M\000a\000i\000n\000W\000i\000n\000d\000o\000w\000\040\000C\000l\000a\000s\000s\000\040\000R\000e\000f\000e\000r\000e\000n\000c\000e}{chapter.3}% 39
\BOOKMARK [2][-]{subsection.3.11.1}{\376\377\000D\000e\000t\000a\000i\000l\000e\000d\000\040\000D\000e\000s\000c\000r\000i\000p\000t\000i\000o\000n}{section.3.11}% 40
\BOOKMARK [2][-]{subsection.3.11.2}{\376\377\000M\000e\000m\000b\000e\000r\000\040\000F\000u\000n\000c\000t\000i\000o\000n\000\040\000D\000o\000c\000u\000m\000e\000n\000t\000a\000t\000i\000o\000n}{section.3.11}% 41
\BOOKMARK [3][-]{subsubsection.3.11.2.1}{\376\377\000m\000e\000n\000s\000a\000j\000e}{subsection.3.11.2}% 42
\BOOKMARK [1][-]{section.3.12}{\376\377\000M\000u\000t\000e\000x\000\040\000C\000l\000a\000s\000s\000\040\000R\000e\000f\000e\000r\000e\000n\000c\000e}{chapter.3}% 43
\BOOKMARK [2][-]{subsection.3.12.1}{\376\377\000D\000e\000t\000a\000i\000l\000e\000d\000\040\000D\000e\000s\000c\000r\000i\000p\000t\000i\000o\000n}{section.3.12}% 44
\BOOKMARK [2][-]{subsection.3.12.2}{\376\377\000M\000e\000m\000b\000e\000r\000\040\000F\000u\000n\000c\000t\000i\000o\000n\000\040\000D\000o\000c\000u\000m\000e\000n\000t\000a\000t\000i\000o\000n}{section.3.12}% 45
\BOOKMARK [3][-]{subsubsection.3.12.2.1}{\376\377\000l\000o\000c\000k}{subsection.3.12.2}% 46
\BOOKMARK [3][-]{subsubsection.3.12.2.2}{\376\377\000u\000n\000l\000o\000c\000k}{subsection.3.12.2}% 47
\BOOKMARK [1][-]{section.3.13}{\376\377\000P\000a\000r\000t\000i\000d\000a\000\040\000C\000l\000a\000s\000s\000\040\000R\000e\000f\000e\000r\000e\000n\000c\000e}{chapter.3}% 48
\BOOKMARK [2][-]{subsection.3.13.1}{\376\377\000D\000e\000t\000a\000i\000l\000e\000d\000\040\000D\000e\000s\000c\000r\000i\000p\000t\000i\000o\000n}{section.3.13}% 49
\BOOKMARK [2][-]{subsection.3.13.2}{\376\377\000C\000o\000n\000s\000t\000r\000u\000c\000t\000o\000r\000\040\000\046\000\040\000D\000e\000s\000t\000r\000u\000c\000t\000o\000r\000\040\000D\000o\000c\000u\000m\000e\000n\000t\000a\000t\000i\000o\000n}{section.3.13}% 50
\BOOKMARK [3][-]{subsubsection.3.13.2.1}{\376\377\000P\000a\000r\000t\000i\000d\000a}{subsection.3.13.2}% 51
\BOOKMARK [2][-]{subsection.3.13.3}{\376\377\000M\000e\000m\000b\000e\000r\000\040\000F\000u\000n\000c\000t\000i\000o\000n\000\040\000D\000o\000c\000u\000m\000e\000n\000t\000a\000t\000i\000o\000n}{section.3.13}% 52
\BOOKMARK [3][-]{subsubsection.3.13.3.1}{\376\377\000a\000d\000d\000U\000s\000u\000a\000r\000i\000o}{subsection.3.13.3}% 53
\BOOKMARK [3][-]{subsubsection.3.13.3.2}{\376\377\000b\000r\000o\000a\000d\000c\000a\000s\000t\000M\000s\000j}{subsection.3.13.3}% 54
\BOOKMARK [3][-]{subsubsection.3.13.3.3}{\376\377\000g\000e\000t\000N\000i\000v\000e\000l}{subsection.3.13.3}% 55
\BOOKMARK [3][-]{subsubsection.3.13.3.4}{\376\377\000m\000e\000n\000s\000a\000j\000e}{subsection.3.13.3}% 56
\BOOKMARK [3][-]{subsubsection.3.13.3.5}{\376\377\000m\000s\000j\000E\000r\000r\000o\000r}{subsection.3.13.3}% 57
\BOOKMARK [3][-]{subsubsection.3.13.3.6}{\376\377\000r\000m\000U\000s\000u\000a\000r\000i\000o}{subsection.3.13.3}% 58
\BOOKMARK [1][-]{section.3.14}{\376\377\000P\000a\000r\000t\000i\000d\000a\000I\000n\000t\000e\000r\000f\000a\000c\000e\000\040\000C\000l\000a\000s\000s\000\040\000R\000e\000f\000e\000r\000e\000n\000c\000e}{chapter.3}% 59
\BOOKMARK [2][-]{subsection.3.14.1}{\376\377\000D\000e\000t\000a\000i\000l\000e\000d\000\040\000D\000e\000s\000c\000r\000i\000p\000t\000i\000o\000n}{section.3.14}% 60
\BOOKMARK [2][-]{subsection.3.14.2}{\376\377\000M\000e\000m\000b\000e\000r\000\040\000F\000u\000n\000c\000t\000i\000o\000n\000\040\000D\000o\000c\000u\000m\000e\000n\000t\000a\000t\000i\000o\000n}{section.3.14}% 61
\BOOKMARK [3][-]{subsubsection.3.14.2.1}{\376\377\000m\000e\000n\000s\000a\000j\000e}{subsection.3.14.2}% 62
\BOOKMARK [1][-]{section.3.15}{\376\377\000S\000e\000r\000v\000e\000r\000\040\000C\000l\000a\000s\000s\000\040\000R\000e\000f\000e\000r\000e\000n\000c\000e}{chapter.3}% 63
\BOOKMARK [2][-]{subsection.3.15.1}{\376\377\000D\000e\000t\000a\000i\000l\000e\000d\000\040\000D\000e\000s\000c\000r\000i\000p\000t\000i\000o\000n}{section.3.15}% 64
\BOOKMARK [2][-]{subsection.3.15.2}{\376\377\000M\000e\000m\000b\000e\000r\000\040\000F\000u\000n\000c\000t\000i\000o\000n\000\040\000D\000o\000c\000u\000m\000e\000n\000t\000a\000t\000i\000o\000n}{section.3.15}% 65
\BOOKMARK [3][-]{subsubsection.3.15.2.1}{\376\377\000l\000i\000s\000t\000P\000a\000r\000t\000i\000d\000a\000s}{subsection.3.15.2}% 66
\BOOKMARK [3][-]{subsubsection.3.15.2.2}{\376\377\000r\000e\000m\000o\000v\000e\000P\000a\000r\000t\000i\000d\000a}{subsection.3.15.2}% 67
\BOOKMARK [2][-]{subsection.3.15.3}{\376\377\000M\000e\000m\000b\000e\000r\000\040\000D\000a\000t\000a\000\040\000D\000o\000c\000u\000m\000e\000n\000t\000a\000t\000i\000o\000n}{section.3.15}% 68
\BOOKMARK [3][-]{subsubsection.3.15.3.1}{\376\377\000c\000l\000i\000e\000n\000t\000e\000s}{subsection.3.15.3}% 69
\BOOKMARK [1][-]{section.3.16}{\376\377\000S\000e\000r\000v\000e\000r\000I\000n\000t\000e\000r\000f\000a\000c\000e\000\040\000C\000l\000a\000s\000s\000\040\000R\000e\000f\000e\000r\000e\000n\000c\000e}{chapter.3}% 70
\BOOKMARK [1][-]{section.3.17}{\376\377\000S\000o\000c\000k\000e\000t\000\040\000C\000l\000a\000s\000s\000\040\000R\000e\000f\000e\000r\000e\000n\000c\000e}{chapter.3}% 71
\BOOKMARK [1][-]{section.3.18}{\376\377\000S\000o\000c\000k\000e\000t\000I\000O\000\040\000C\000l\000a\000s\000s\000\040\000R\000e\000f\000e\000r\000e\000n\000c\000e}{chapter.3}% 72
\BOOKMARK [2][-]{subsection.3.18.1}{\376\377\000D\000e\000t\000a\000i\000l\000e\000d\000\040\000D\000e\000s\000c\000r\000i\000p\000t\000i\000o\000n}{section.3.18}% 73
\BOOKMARK [2][-]{subsection.3.18.2}{\376\377\000M\000e\000m\000b\000e\000r\000\040\000F\000u\000n\000c\000t\000i\000o\000n\000\040\000D\000o\000c\000u\000m\000e\000n\000t\000a\000t\000i\000o\000n}{section.3.18}% 74
\BOOKMARK [3][-]{subsubsection.3.18.2.1}{\376\377\000r\000e\000a\000d}{subsection.3.18.2}% 75
\BOOKMARK [3][-]{subsubsection.3.18.2.2}{\376\377\000w\000r\000i\000t\000e}{subsection.3.18.2}% 76
\BOOKMARK [1][-]{section.3.19}{\376\377\000S\000o\000u\000n\000d\000P\000l\000a\000y\000e\000r\000\040\000C\000l\000a\000s\000s\000\040\000R\000e\000f\000e\000r\000e\000n\000c\000e}{chapter.3}% 77
\BOOKMARK [2][-]{subsection.3.19.1}{\376\377\000D\000e\000t\000a\000i\000l\000e\000d\000\040\000D\000e\000s\000c\000r\000i\000p\000t\000i\000o\000n}{section.3.19}% 78
\BOOKMARK [2][-]{subsection.3.19.2}{\376\377\000M\000e\000m\000b\000e\000r\000\040\000F\000u\000n\000c\000t\000i\000o\000n\000\040\000D\000o\000c\000u\000m\000e\000n\000t\000a\000t\000i\000o\000n}{section.3.19}% 79
\BOOKMARK [3][-]{subsubsection.3.19.2.1}{\376\377\000p\000l\000a\000y}{subsection.3.19.2}% 80
\BOOKMARK [2][-]{subsection.3.19.3}{\376\377\000M\000e\000m\000b\000e\000r\000\040\000D\000a\000t\000a\000\040\000D\000o\000c\000u\000m\000e\000n\000t\000a\000t\000i\000o\000n}{section.3.19}% 81
\BOOKMARK [3][-]{subsubsection.3.19.3.1}{\376\377\000a\000r\000c\000h\000s}{subsection.3.19.3}% 82
\BOOKMARK [1][-]{section.3.20}{\376\377\000S\000t\000a\000r\000\040\000C\000l\000a\000s\000s\000\040\000R\000e\000f\000e\000r\000e\000n\000c\000e}{chapter.3}% 83
\BOOKMARK [1][-]{section.3.21}{\376\377\000T\000a\000b\000l\000e\000r\000o\000\040\000C\000l\000a\000s\000s\000\040\000R\000e\000f\000e\000r\000e\000n\000c\000e}{chapter.3}% 84
\BOOKMARK [2][-]{subsection.3.21.1}{\376\377\000M\000e\000m\000b\000e\000r\000\040\000F\000u\000n\000c\000t\000i\000o\000n\000\040\000D\000o\000c\000u\000m\000e\000n\000t\000a\000t\000i\000o\000n}{section.3.21}% 85
\BOOKMARK [3][-]{subsubsection.3.21.1.1}{\376\377\000a\000c\000t\000i\000v\000a\000r\000C\000o\000m\000b\000i\000n\000a\000c\000i\000o\000n\000C\000o\000l\000u\000m\000n\000a}{subsection.3.21.1}% 86
\BOOKMARK [3][-]{subsubsection.3.21.1.2}{\376\377\000a\000c\000t\000i\000v\000a\000r\000C\000o\000m\000b\000i\000n\000a\000c\000i\000o\000n\000C\000o\000l\000u\000m\000n\000a}{subsection.3.21.1}% 87
\BOOKMARK [3][-]{subsubsection.3.21.1.3}{\376\377\000a\000c\000t\000i\000v\000a\000r\000C\000o\000m\000b\000i\000n\000a\000c\000i\000o\000n\000F\000i\000l\000a}{subsection.3.21.1}% 88
\BOOKMARK [3][-]{subsubsection.3.21.1.4}{\376\377\000a\000c\000t\000i\000v\000a\000r\000C\000o\000m\000b\000i\000n\000a\000c\000i\000o\000n\000F\000i\000l\000a}{subsection.3.21.1}% 89
\BOOKMARK [3][-]{subsubsection.3.21.1.5}{\376\377\000c\000a\000l\000c\000u\000l\000a\000r\000C\000o\000o\000r\000d\000e\000n\000a\000d\000a\000s}{subsection.3.21.1}% 90
\BOOKMARK [3][-]{subsubsection.3.21.1.6}{\376\377\000d\000i\000s\000p\000a\000r\000a\000r\000C\000o\000l\000u\000m\000n\000a}{subsection.3.21.1}% 91
\BOOKMARK [3][-]{subsubsection.3.21.1.7}{\376\377\000d\000i\000s\000p\000a\000r\000a\000r\000F\000i\000l\000a}{subsection.3.21.1}% 92
\BOOKMARK [3][-]{subsubsection.3.21.1.8}{\376\377\000d\000o\000C\000o\000m\000b\000i\000n\000a\000c\000i\000o\000n}{subsection.3.21.1}% 93
\BOOKMARK [3][-]{subsubsection.3.21.1.9}{\376\377\000d\000o\000S\000t\000a\000r}{subsection.3.21.1}% 94
\BOOKMARK [3][-]{subsubsection.3.21.1.10}{\376\377\000e\000s\000B\000u\000t\000t\000o\000n}{subsection.3.21.1}% 95
\BOOKMARK [3][-]{subsubsection.3.21.1.11}{\376\377\000e\000s\000M\000i\000s\000m\000o\000C\000o\000l\000o\000r}{subsection.3.21.1}% 96
\BOOKMARK [3][-]{subsubsection.3.21.1.12}{\376\377\000h\000a\000y\000M\000o\000v\000i\000m\000i\000e\000n\000t\000o}{subsection.3.21.1}% 97
\BOOKMARK [3][-]{subsubsection.3.21.1.13}{\376\377\000h\000a\000y\000M\000o\000v\000i\000m\000i\000e\000n\000t\000o\000s}{subsection.3.21.1}% 98
\BOOKMARK [3][-]{subsubsection.3.21.1.14}{\376\377\000h\000a\000y\000P\000a\000t\000r\000o\000n\000e\000s}{subsection.3.21.1}% 99
\BOOKMARK [3][-]{subsubsection.3.21.1.15}{\376\377\000h\000o\000r\000B\000a\000r\000C\000o\000l\000o\000r}{subsection.3.21.1}% 100
\BOOKMARK [3][-]{subsubsection.3.21.1.16}{\376\377\000m\000o\000v\000i\000m\000i\000e\000n\000t\000o}{subsection.3.21.1}% 101
\BOOKMARK [3][-]{subsubsection.3.21.1.17}{\376\377\000m\000o\000v\000i\000m\000i\000e\000n\000t\000o\000V\000a\000l\000i\000d\000o}{subsection.3.21.1}% 102
\BOOKMARK [3][-]{subsubsection.3.21.1.18}{\376\377\000m\000o\000v\000I\000n\000v\000e\000r\000s\000o}{subsection.3.21.1}% 103
\BOOKMARK [3][-]{subsubsection.3.21.1.19}{\376\377\000n\000e\000w\000M\000o\000v}{subsection.3.21.1}% 104
\BOOKMARK [3][-]{subsubsection.3.21.1.20}{\376\377\000n\000e\000w\000M\000o\000v}{subsection.3.21.1}% 105
\BOOKMARK [3][-]{subsubsection.3.21.1.21}{\376\377\000n\000u\000m\0002\000s\000t\000r}{subsection.3.21.1}% 106
\BOOKMARK [3][-]{subsubsection.3.21.1.22}{\376\377\000r\000e\000l\000l\000e\000n\000a\000r\000T\000a\000b\000l\000e\000r\000o}{subsection.3.21.1}% 107
\BOOKMARK [3][-]{subsubsection.3.21.1.23}{\376\377\000v\000e\000r\000B\000a\000r\000C\000o\000l\000o\000r}{subsection.3.21.1}% 108
\BOOKMARK [1][-]{section.3.22}{\376\377\000T\000a\000b\000l\000e\000r\000o\000J\000u\000e\000g\000o\000\040\000C\000l\000a\000s\000s\000\040\000R\000e\000f\000e\000r\000e\000n\000c\000e}{chapter.3}% 109
\BOOKMARK [2][-]{subsection.3.22.1}{\376\377\000M\000e\000m\000b\000e\000r\000\040\000F\000u\000n\000c\000t\000i\000o\000n\000\040\000D\000o\000c\000u\000m\000e\000n\000t\000a\000t\000i\000o\000n}{section.3.22}% 110
\BOOKMARK [3][-]{subsubsection.3.22.1.1}{\376\377\000m\000e\000n\000s\000a\000j\000e}{subsection.3.22.1}% 111
\BOOKMARK [1][-]{section.3.23}{\376\377\000T\000C\000P\000S\000o\000c\000k\000e\000t\000\040\000C\000l\000a\000s\000s\000\040\000R\000e\000f\000e\000r\000e\000n\000c\000e}{chapter.3}% 112
\BOOKMARK [1][-]{section.3.24}{\376\377\000T\000C\000P\000S\000o\000c\000k\000e\000t\000C\000o\000n\000n\000e\000c\000t\000\040\000C\000l\000a\000s\000s\000\040\000R\000e\000f\000e\000r\000e\000n\000c\000e}{chapter.3}% 113
\BOOKMARK [2][-]{subsection.3.24.1}{\376\377\000D\000e\000t\000a\000i\000l\000e\000d\000\040\000D\000e\000s\000c\000r\000i\000p\000t\000i\000o\000n}{section.3.24}% 114
\BOOKMARK [1][-]{section.3.25}{\376\377\000T\000C\000P\000S\000o\000c\000k\000e\000t\000L\000i\000s\000t\000e\000n\000e\000r\000\040\000C\000l\000a\000s\000s\000\040\000R\000e\000f\000e\000r\000e\000n\000c\000e}{chapter.3}% 115
\BOOKMARK [2][-]{subsection.3.25.1}{\376\377\000M\000e\000m\000b\000e\000r\000\040\000F\000u\000n\000c\000t\000i\000o\000n\000\040\000D\000o\000c\000u\000m\000e\000n\000t\000a\000t\000i\000o\000n}{section.3.25}% 116
\BOOKMARK [3][-]{subsubsection.3.25.1.1}{\376\377\000a\000c\000c\000e\000p\000t}{subsection.3.25.1}% 117
\BOOKMARK [3][-]{subsubsection.3.25.1.2}{\376\377\000l\000i\000s\000t\000e\000n}{subsection.3.25.1}% 118
\BOOKMARK [1][-]{section.3.26}{\376\377\000T\000h\000r\000e\000a\000d\000\040\000C\000l\000a\000s\000s\000\040\000R\000e\000f\000e\000r\000e\000n\000c\000e}{chapter.3}% 119
\BOOKMARK [1][-]{section.3.27}{\376\377\000T\000h\000r\000e\000a\000d\000L\000i\000s\000t\000e\000n\000e\000r\000\040\000C\000l\000a\000s\000s\000\040\000R\000e\000f\000e\000r\000e\000n\000c\000e}{chapter.3}% 120
\BOOKMARK [2][-]{subsection.3.27.1}{\376\377\000D\000e\000t\000a\000i\000l\000e\000d\000\040\000D\000e\000s\000c\000r\000i\000p\000t\000i\000o\000n}{section.3.27}% 121
\BOOKMARK [2][-]{subsection.3.27.2}{\376\377\000M\000e\000m\000b\000e\000r\000\040\000F\000u\000n\000c\000t\000i\000o\000n\000\040\000D\000o\000c\000u\000m\000e\000n\000t\000a\000t\000i\000o\000n}{section.3.27}% 122
\BOOKMARK [3][-]{subsubsection.3.27.2.1}{\376\377\000s\000e\000t\000K\000e\000y}{subsection.3.27.2}% 123
\BOOKMARK [1][-]{section.3.28}{\376\377\000T\000h\000r\000e\000a\000d\000S\000o\000c\000k\000e\000t\000\040\000C\000l\000a\000s\000s\000\040\000R\000e\000f\000e\000r\000e\000n\000c\000e}{chapter.3}% 124
\BOOKMARK [2][-]{subsection.3.28.1}{\376\377\000D\000e\000t\000a\000i\000l\000e\000d\000\040\000D\000e\000s\000c\000r\000i\000p\000t\000i\000o\000n}{section.3.28}% 125
\BOOKMARK [1][-]{section.3.29}{\376\377\000T\000h\000r\000e\000a\000d\000U\000s\000u\000a\000r\000i\000o\000\040\000C\000l\000a\000s\000s\000\040\000R\000e\000f\000e\000r\000e\000n\000c\000e}{chapter.3}% 126
\BOOKMARK [2][-]{subsection.3.29.1}{\376\377\000D\000e\000t\000a\000i\000l\000e\000d\000\040\000D\000e\000s\000c\000r\000i\000p\000t\000i\000o\000n}{section.3.29}% 127
\BOOKMARK [1][-]{section.3.30}{\376\377\000T\000W\000a\000v\000A\000r\000g\000s\000\040\000S\000t\000r\000u\000c\000t\000\040\000R\000e\000f\000e\000r\000e\000n\000c\000e}{chapter.3}% 128
\BOOKMARK [1][-]{section.3.31}{\376\377\000T\000W\000a\000v\000H\000e\000a\000d\000e\000r\000\040\000S\000t\000r\000u\000c\000t\000\040\000R\000e\000f\000e\000r\000e\000n\000c\000e}{chapter.3}% 129
\BOOKMARK [1][-]{section.3.32}{\376\377\000U\000s\000e\000r\000M\000a\000n\000a\000g\000e\000r\000\040\000C\000l\000a\000s\000s\000\040\000R\000e\000f\000e\000r\000e\000n\000c\000e}{chapter.3}% 130
\BOOKMARK [2][-]{subsection.3.32.1}{\376\377\000D\000e\000t\000a\000i\000l\000e\000d\000\040\000D\000e\000s\000c\000r\000i\000p\000t\000i\000o\000n}{section.3.32}% 131
\BOOKMARK [2][-]{subsection.3.32.2}{\376\377\000M\000e\000m\000b\000e\000r\000\040\000F\000u\000n\000c\000t\000i\000o\000n\000\040\000D\000o\000c\000u\000m\000e\000n\000t\000a\000t\000i\000o\000n}{section.3.32}% 132
\BOOKMARK [3][-]{subsubsection.3.32.2.1}{\376\377\000g\000e\000t}{subsection.3.32.2}% 133
\BOOKMARK [3][-]{subsubsection.3.32.2.2}{\376\377\000s\000e\000t}{subsection.3.32.2}% 134
\BOOKMARK [1][-]{section.3.33}{\376\377\000W\000i\000n\000d\000o\000w\000\040\000C\000l\000a\000s\000s\000\040\000R\000e\000f\000e\000r\000e\000n\000c\000e}{chapter.3}% 135
\BOOKMARK [2][-]{subsection.3.33.1}{\376\377\000D\000e\000t\000a\000i\000l\000e\000d\000\040\000D\000e\000s\000c\000r\000i\000p\000t\000i\000o\000n}{section.3.33}% 136
\BOOKMARK [2][-]{subsection.3.33.2}{\376\377\000M\000e\000m\000b\000e\000r\000\040\000T\000y\000p\000e\000d\000e\000f\000\040\000D\000o\000c\000u\000m\000e\000n\000t\000a\000t\000i\000o\000n}{section.3.33}% 137
\BOOKMARK [3][-]{subsubsection.3.33.2.1}{\376\377\000t\000y\000p\000e\000\137\000s\000i\000g\000n\000a\000l\000\137\000m\000e\000n\000s\000a\000j\000e}{subsection.3.33.2}% 138
\BOOKMARK [2][-]{subsection.3.33.3}{\376\377\000M\000e\000m\000b\000e\000r\000\040\000F\000u\000n\000c\000t\000i\000o\000n\000\040\000D\000o\000c\000u\000m\000e\000n\000t\000a\000t\000i\000o\000n}{section.3.33}% 139
\BOOKMARK [3][-]{subsubsection.3.33.3.1}{\376\377\000m\000e\000n\000s\000a\000j\000e}{subsection.3.33.3}% 140
\BOOKMARK [-1][-]{subsubsection.3.33.3.1}{\376\377\000I\000n\000d\000e\000x}{}% 141
